Local Date: Fri Apr 12 11:00:16 2019
Build info: Mar 27 2019 11:15:53 ?

INFO    (11: 0:16:406 |    0)   4772; [rp] {"rtc.video.mute_me":true,"che.video.local.send":false}
INFO    (11: 0:16:406 |    0)   4772; [rp] {"rtc.audio.mute_me":true,"che.audio.mute_me":true}
INFO    (11: 0:16:406 |    0)   4772; [rp] {"rtc.video.set_remote_default_video_stream_type":0}
INFO    (11: 0:16:406 |    0)   4772; API call to SetRemoteDefaultVideoStreamType: 0
INFO    (11: 0:16:406 |    0)   4772; [rp] {"che.video.local.camera_index":1024}
INFO    (11: 0:16:406 |    0)   4772; [rp] {"rtc.video.enabled":true}
INFO    (11: 0:16:406 |    0)   4772; API call to enable video
INFO    (11: 0:16:406 |    0)   4772; [rp] {"che.video.recording":false}
INFO    (11: 0:16:406 |    0)   4772; ***CALL BEGIN: appid:'72****************************d1' cname:'111111' info:'' sid:'52C5313EBAB346AFA4FFA92A5C9B3A1F'
INFO    (11: 0:16:406 |    0)   4772; addRef of media engine, ref=1
INFO    (11: 0:16:406 |    0)   4772; [che] create chat engine, ctx:(nil)
INFO    (11: 0:16:406 |    0)   4772; [MYDEBUG] large group call false
INFO    (11: 0:16:406 |    0)   4772; ChatEngineParameterHelper::applyMediaEngineMode: 
INFO    (11: 0:16:406 |    0)   4772; applyMediaEngineMode(): Hardware encoding false Hardware decoding false
INFO    (11: 0:16:406 |    0)   4772; engine git commit version:6e2efc0 and branch:(detached
INFO    (11: 0:16:407 |    1)   4772; audio jitterbuffer new smooth
INFO    (11: 0:16:407 |    0)   4778; Thread with name:external_audio_module_thread started 
INFO    (11: 0:16:407 |    0)   4779; Thread with name:WebRtc_event_timer_thread started 
INFO    (11: 0:16:407 |    0)   4772; StereoPlayoutIsAvailable(), output: available=0
INFO    (11: 0:16:407 |    0)   4772; StereoRecordingIsAvailable(), output: available=0
INFO    (11: 0:16:408 |    1)   4780; Thread with name:EngineMonitorThread started 
INFO    (11: 0:16:408 |    0)   4772; setMuteStatus, muted: On
INFO    (11: 0:16:408 |    0)   4772; setMuteOutput, muted: false
INFO    (11: 0:16:408 |    0)   4772; Audio Engine Init success
INFO    (11: 0:16:408 |    0)   4772; Available number of cores:1
INFO    (11: 0:16:408 |    0)   4772; PipelineManager::SetDest  engine = 0x7f3af8142570
INFO    (11: 0:16:408 |    0)   4772; CreateVideoSendTrack
INFO    (11: 0:16:408 |    0)   4772; init: feature prerotation disabled
INFO    (11: 0:16:408 |    0)   4772; Agora Engine video codec set to standard mode role mode 3
INFO    (11: 0:16:408 |    0)   4772; Agora Engine video codec index 1
INFO    (11: 0:16:408 |    0)   4772; Agora Engine video stream type = 0
INFO    (11: 0:16:409 |    1)   4781; Thread with name:VideoEncodeThread started 
INFO    (11: 0:16:409 |    0)   4772; Device type: 0
INFO    (11: 0:16:409 |    0)   4772; last unique frame idx: -1 - -1
INFO    (11: 0:16:409 |    0)   4772; Device type: 0
INFO    (11: 0:16:409 |    0)   4772; EncoderWrapper::Create hardware_ = 0, hardware_low_ = 0
INFO    (11: 0:16:409 |    0)   4772; low bit rate limit 0
INFO    (11: 0:16:409 |    0)   4772; dont need to increase unique frame idx
INFO    (11: 0:16:409 |    0)   4772; the init unique frame idx: -1 - -1
INFO    (11: 0:16:409 |    0)   4782; Thread with name:VideoProcessThread started 
INFO    (11: 0:16:409 |    0)   4772; setCodec: index=1 width=640 height=360 framerate=15
INFO    (11: 0:16:409 |    0)   4772; setCodec: Intra Request = 0
INFO    (11: 0:16:409 |    0)   4772; h264WebInteropEnable: enable 0
INFO    (11: 0:16:409 |    0)   4772; setCaptureDevice: index=1024
INFO    (11: 0:16:409 |    0)   4772; setMaxVideoBitrate: max bitrate=0
INFO    (11: 0:16:409 |    0)   4772; video fec method 1
INFO    (11: 0:16:409 |    0)   4772; dynamic sending rate control enabled 0.

INFO    (11: 0:16:409 |    0)   4772; videoEngine created and initialize here
INFO    (11: 0:16:409 |    0)   4772; CreateVideoSendTrack
INFO    (11: 0:16:410 |    1)   4772; [MIO] updateCapturer: ((nil)), type:(1)
INFO    (11: 0:16:410 |    0)   4772; CreateAgoraDefaultCapture: type=0
INFO    (11: 0:16:410 |    0)   4772; VideoSendTrackImpl::UpdateCapturer capturer=0x7f3af81607c0
INFO    (11: 0:16:410 |    0)   4772; CreateVideoCapturer: interface=0x7f3af81607c0
INFO    (11: 0:16:410 |    0)   4772; [MIO] updateLocalRender: ((nil)), type:(1)
INFO    (11: 0:16:410 |    0)   4772; CreateAgoraDefaultRender
INFO    (11: 0:16:410 |    0)   4772; VideoSendTrackImpl::UpdateRenderer, renderer=0x7f3af81ae570
INFO    (11: 0:16:410 |    0)   4772; CreateVideoRenderer: interface=0x7f3af81ae570
INFO    (11: 0:16:410 |    0)   4772; [MIO] video send track prepared !!
INFO    (11: 0:16:410 |    0)   4772; [che] applyVideoProfile: 1280x720 24 fps 2401 kbps, min 2 kbps orientationMode -133980736
INFO    (11: 0:16:410 |    0)   4772; validateVideoParameters: validate video parameters resolution 1280x720, fps 24, rate 2401000
INFO    (11: 0:16:410 |    0)   4772; setMaxVideoBitrate: max bitrate=2401000
INFO    (11: 0:16:410 |    0)   4772; setCodecRates: set frame rate to 24
INFO    (11: 0:16:410 |    0)   4772; setCodec: index=1 width=640 height=360 framerate=24
INFO    (11: 0:16:410 |    0)   4772; setCodec: Intra Request = 0
INFO    (11: 0:16:410 |    0)   4783; Thread with name:VideoEncodeThread started 
INFO    (11: 0:16:410 |    0)   4772; Device type: 0
INFO    (11: 0:16:410 |    0)   4772; last unique frame idx: -1 - -1
INFO    (11: 0:16:410 |    0)   4772; Device type: 0
INFO    (11: 0:16:410 |    0)   4772; EncoderWrapper::Create hardware_ = 0, hardware_low_ = 0
INFO    (11: 0:16:410 |    0)   4772; low bit rate limit 5184
INFO    (11: 0:16:410 |    0)   4772; set last big unique frame idx: -1
INFO    (11: 0:16:410 |    0)   4772; set last small unique frame idx: -1
INFO    (11: 0:16:410 |    0)   4772; the init unique frame idx: -1 - -1
INFO    (11: 0:16:410 |    0)   4772; SetTargetWidthHeight width:640, height:360
INFO    (11: 0:16:410 |    0)   4772; setCodecResolution: set to 720 x 1280
INFO    (11: 0:16:410 |    0)   4772; setCodec: index=1 width=720 height=1280 framerate=24
INFO    (11: 0:16:410 |    0)   4772; setCodec: Intra Request = 0
WARN    (11: 0:16:410 |    0)   4772; setCodec: codec resolution width (720) < height (&u)
INFO    (11: 0:16:411 |    1)   4784; Thread with name:VideoEncodeThread started 
INFO    (11: 0:16:411 |    0)   4772; Device type: 0
INFO    (11: 0:16:411 |    0)   4772; last unique frame idx: -1 - -1
INFO    (11: 0:16:411 |    0)   4772; Device type: 0
INFO    (11: 0:16:411 |    0)   4772; EncoderWrapper::Create hardware_ = 0, hardware_low_ = 0
INFO    (11: 0:16:411 |    0)   4772; low bit rate limit 5376
INFO    (11: 0:16:411 |    0)   4772; set last big unique frame idx: -1
INFO    (11: 0:16:411 |    0)   4772; set last small unique frame idx: -1
INFO    (11: 0:16:411 |    0)   4772; the init unique frame idx: -1 - -1
INFO    (11: 0:16:411 |    0)   4772; SetTargetWidthHeight width:1280, height:720
INFO    (11: 0:16:411 |    0)   4772; Set broadcast min br to -1.
INFO    (11: 0:16:411 |    0)   4772; [che] chat engine initialized
INFO    (11: 0:16:411 |    0)   4772; [vocs] vocs initialized
INFO    (11: 0:16:411 |    0)   4772; CacheManager: save cache to storage elapsed 0
INFO    (11: 0:16:412 |    1)   4772; [cm] emit join channel signal, size=2
INFO    (11: 0:16:412 |    0)   4772; [cm] connection state changed from 1 to 2
INFO    (11: 0:16:412 |    0)   4772; CacheManager: save cache to storage elapsed 0
INFO    (11: 0:16:412 |    0)   4772; [vocs] lookup channel...
INFO    (11: 0:16:412 |    0)   4772; [vocs] selected: 52.58.56.244:8000
INFO    (11: 0:16:412 |    0)   4772; connecting to 52.58.56.244:8000 handle f81df390, 29
INFO    (11: 0:16:412 |    0)   4772; [vocs] report bitrate: a/v/t: 50/2401/2451
INFO    (11: 0:16:412 |    0)   4772; [vocs] creating channel with 52.58.56.244:8000, ts 1555038016412.......
INFO    (11: 0:16:412 |    0)   4772; [vocs] selected: 54.223.118.211:1080
INFO    (11: 0:16:412 |    0)   4772; [vocs] report bitrate: a/v/t: 50/2401/2451
INFO    (11: 0:16:412 |    0)   4772; [vocs] creating channel with 54.223.118.211:1080, ts 1555038016412.......
INFO    (11: 0:16:412 |    0)   4772; [vocs] selected: 47.107.39.93:25000
INFO    (11: 0:16:412 |    0)   4772; [vocs] report bitrate: a/v/t: 50/2401/2451
INFO    (11: 0:16:412 |    0)   4772; [vocs] creating channel with 47.107.39.93:25000, ts 1555038016412.......
INFO    (11: 0:16:412 |    0)   4772; [ap] selected: 47.74.211.17:8000
INFO    (11: 0:16:412 |    0)   4772; connecting to 47.74.211.17:8000 handle f81e20f0, 30
INFO    (11: 0:16:412 |    0)   4772; [ap] creating channel with 47.74.211.17:8000, ts 1210578133, flag: 2
INFO    (11: 0:16:412 |    0)   4772; [ap] selected: 106.14.12.130:1080
INFO    (11: 0:16:412 |    0)   4772; [ap] creating channel with 106.14.12.130:1080, ts 1210578133, flag: 2
INFO    (11: 0:16:412 |    0)   4772; [ap] selected: 54.223.118.211:25000
INFO    (11: 0:16:412 |    0)   4772; [ap] creating channel with 54.223.118.211:25000, ts 1210578133, flag: 2
INFO    (11: 0:16:412 |    0)   4772; [rp] {"che.audio.audioSampleRate":48000}
INFO    (11: 0:16:413 |    1)   4772; [ap/t] tcp connected with 0x7f3af804b770
INFO    (11: 0:16:413 |    0)   4772; [ap] CdsTdsRequest, session_id: BFE624F4E4644E41838021242658E25E, detail: Linux version 4.4.0-93-generic (buildd@lcy01-28) (gcc version 4.8.4 (Ubuntu 4.8.4-2ubuntu1~14.04.3) ) #116~14.04.1-Ubuntu SMP Mon Aug 14 16:0 
INFO    (11: 0:16:413 |    0)   4772; [ap] tcp - creating channel with 47.74.211.17:8000, ts 0, flag: 72
INFO    (11: 0:16:413 |    0)   4772; [ap/u] **responsed from 47.74.211.17:8000, CDS(8).
INFO    (11: 0:16:413 |    0)   4772; [ap] onAPCdsRes success with config: ¸Æ¯ßÔÚ¤—ÑúÊÏŸá’–²ÂÛÜ­ÆÉâƒ…‘¾
INFO    (11: 0:16:413 |    0)   4772; [cs] applied directly: {"configs":{},"version":"27"}, elapsed: 0
INFO    (11: 0:16:413 |    0)   4772; CacheManager: save cache to storage elapsed 0
INFO    (11: 0:16:413 |    0)   4772; [dns] parsed ip 119.9.116.186
INFO    (11: 0:16:413 |    0)   4772; [dns] parsed ip 128.1.87.154
INFO    (11: 0:16:413 |    0)   4772; [dns] parsed ip 3.0.213.60
INFO    (11: 0:16:413 |    0)   4772; [dns] parsed ip 203.60.1.48
INFO    (11: 0:16:413 |    0)   4772; [dns] parsed ip 52.68.71.190
INFO    (11: 0:16:413 |    0)   4772; [dns] parsed ip 52.194.158.59
INFO    (11: 0:16:413 |    0)   4772; [dns] parsed ip 3.0.163.78
INFO    (11: 0:16:413 |    0)   4772; [ap] onParsedDns with err 0, 119.9.116.186, 128.1.87.154, 3.0.213.60, 203.60.1.48, 52.68.71.190, 52.194.158.59, 3.0.163.78, 
INFO    (11: 0:16:413 |    0)   4772; [dns] parsed ip 128.1.87.154
INFO    (11: 0:16:413 |    0)   4772; [dns] parsed ip 52.68.71.190
INFO    (11: 0:16:413 |    0)   4772; [dns] parsed ip 3.0.213.60
INFO    (11: 0:16:413 |    0)   4772; [dns] parsed ip 52.194.158.59
INFO    (11: 0:16:413 |    0)   4772; [dns] parsed ip 3.0.163.78
INFO    (11: 0:16:413 |    0)   4772; [dns] parsed ip 119.9.116.186
INFO    (11: 0:16:413 |    0)   4772; [dns] parsed ip 203.60.1.48
INFO    (11: 0:16:414 |    1)   4772; [ap/u] **responsed from 47.74.211.17:8000, TDS(64).
INFO    (11: 0:16:414 |    0)   4772; [ap] onAPTdsRes success with config: {}, size: 0
INFO    (11: 0:16:414 |    0)   4772; [ap/t] tcp connected with 0x7f3af81dfda0
INFO    (11: 0:16:414 |    0)   4772; [ap] tcp - creating channel with 47.74.211.17:8000, ts 1210578133, flag: 2
INFO    (11: 0:16:449 |   35)   4772; [ap/u] **responsed from 47.74.211.17:8000, STUN(2).
INFO    (11: 0:16:477 |   28)   4772; [vocs/u] **responsed from 47.107.39.93:25000, 3 vos, elapsed 75, server ts 1555038016415, wan ip 47******248
INFO    (11: 0:16:477 |    0)   4772; [vos] added server: 45.40.48.19:4003
INFO    (11: 0:16:477 |    0)   4772; [vos] added server: 128.1.33.162:4005
INFO    (11: 0:16:477 |    0)   4772; [vos] added server: 45.40.48.10:4003
INFO    (11: 0:16:477 |    0)   4772; [ch0] vos initialized
INFO    (11: 0:16:477 |    0)   4772; [vos] selected: 45.40.48.10:4003
ERROR   (11: 0:16:478 |    1)   4772; [ch0] login strategy=2
INFO    (11: 0:16:478 |    0)   4772; [ds]: ver 1 ds '{"streamType":5,"clientRole":2}'
INFO    (11: 0:16:478 |    0)   4772; [ch0] Login VOS (proto:11, cid:1415424096, uid:143919224, ts:1555038016478, ticket size:80 ds:1 stream:+A+VH) 2: 45.40.48.10:4003
INFO    (11: 0:16:478 |    0)   4772; add ping address 47.88.230.248
INFO    (11: 0:16:478 |    0)   4772; PING 47.88.230.248:0 16(44) bytes of data
INFO    (11: 0:16:482 |    4)   4772; [ch0] **VOS response to login request (res 0 elapsed 80, server ts 1555038016471, s-c:-11) from 45.40.48.10:4003, and current dest server 45.40.48.10:4003
INFO    (11: 0:16:482 |    0)   4772; updateActiveVosList: ["45.40.48.10:4003"]
INFO    (11: 0:16:482 |    0)   4772; [cm] connection state changed from 2 to 3
INFO    (11: 0:16:482 |    0)   4772; RequestEncodeKeyFrame
INFO    (11: 0:16:482 |    0)   4772; [che] start call begins
INFO    (11: 0:16:482 |    0)   4772; Update settings: mode 3, rec_source -2, rec_fs 48000, builtin aec 0
INFO    (11: 0:16:482 |    0)   4772; Set Application Mode in RTC Engine to No. 6
ERROR   (11: 0:16:482 |    0)   4772; GetCodec() invalid index (error=8004)
INFO    (11: 0:16:482 |    0)   4772; SetCodec by type : No. 77
INFO    (11: 0:16:488 |    6)   4772; StartPlayout complete
INFO    (11: 0:16:488 |    0)   4772; StartSend
INFO    (11: 0:16:498 |   10)   4772; StartRecording complete
WARN    (11: 0:16:498 |    0)   4772; SetAgcStatus() failed to set Agc mode (error=10028)
INFO    (11: 0:16:498 |    0)   4772; Application Config module:  Route 0, NS on, AEC on, AGC on, BSS off, HC off
INFO    (11: 0:16:498 |    0)   4772; MID = 0, Routing = 0
INFO    (11: 0:16:498 |    0)   4772; output: kDummyAudio
ERROR   (11: 0:16:498 |    0)   4772;   unknown audio layer (error=10009)
INFO    (11: 0:16:498 |    0)   4772;   Output: audioLayer=2
INFO    (11: 0:16:498 |    0)   4772; [che] startLocalVideo: video capture has been enabled
INFO    (11: 0:16:498 |    0)   4772; doStartLocalRender: init? 1 capture id -1 device 1024 capturing? 0 rendering? 0
INFO    (11: 0:16:498 |    0)   4772; doStartLocalRender: Receive Only Mode, local renderer still on.
INFO    (11: 0:16:498 |    0)   4772; [che] start call returns 0, elapsed 16
INFO    (11: 0:16:498 |    0)   4772; Recording scene, delay in parameter 1000, delay in options 1000.
INFO    (11: 0:16:498 |    0)   4772; setNetEQMinimumPlayoutDelay delay(1000)
INFO    (11: 0:16:498 |    0)   4772; join channel success: cname '111111' uid 143919224 elapsed 96
INFO    (11: 0:16:498 |    0)   4773; User 143919224 join channel 111111 success, elapsed: 96 ms
INFO    (11: 0:16:499 |    1)   4763; Channel eventIds: mix mode:1 , min port:-1 , max port:-1 ,decode audio:0 , decode_video:0 , live:1 , idle:190 , audio only:0, video_only 0,syslog facility:8 , mix mode height:1280 , mix mode width:720 , mix mode fps 
INFO    (11: 0:16:503 |    4)   4772; CacheManager: save cache to storage elapsed 0
INFO    (11: 0:16:503 |    0)   4772; [ap/u] **responsed from 54.223.118.211:25000, CDS(8).
INFO    (11: 0:16:503 |    0)   4772; [rp] {"che.audio.specify.codec":"AACLC"}
INFO    (11: 0:16:503 |    0)   4772; SetCodec is specified to be AACLC
ERROR   (11: 0:16:503 |    0)   4772; GetCodec() invalid index (error=8004)
INFO    (11: 0:16:503 |    0)   4772; enforced setCodec, set by specifyCodec
INFO    (11: 0:16:503 |    0)   4772; SetCodec by type : No. 75
INFO    (11: 0:16:504 |    1)   4772; [rp] {"che.audio.audienceMode":false}
INFO    (11: 0:16:504 |    0)   4772; [rp] {"che.video.audienceMode":false}
INFO    (11: 0:16:504 |    0)   4772; [rp] {"che.video.server_mode":true}
INFO    (11: 0:16:504 |    0)   4772; switchServerMode : mosaic=1
WARN    (11: 0:16:504 |    0)   4772; stopCapture: VideoEngine haven't startCapture
INFO    (11: 0:16:504 |    0)   4772; setCaptureDevice: index=1024
INFO    (11: 0:16:504 |    0)   4772; VideoSendTrackImpl::UpdateCapturer capturer=0x7f3af8160960
INFO    (11: 0:16:504 |    0)   4772; CreateVideoCapturer: interface=0x7f3af8160960
INFO    (11: 0:16:504 |    0)   4772; Create participant 0
INFO    (11: 0:16:504 |    0)   4772; startCapture: device? 1024 init? 1 local enabled? 1 capturing? 0 rendering? 0
INFO    (11: 0:16:504 |    0)   4772; VideoSendTrackImpl::UpdateCapturer capturer=0x7f3af8160960
WARN    (11: 0:16:504 |    0)   4772; VideoSendTrackImpl::UpdateCapturer, Ignore updating the same capturer
INFO    (11: 0:16:504 |    0)   4772; [rtpSender] set paced sender status 0.

INFO    (11: 0:16:504 |    0)   4772; AgoraVideoInput::Init thread=1, type=100, device=External Device
INFO    (11: 0:16:506 |    2)   4785; Thread with name:AgoraInputThread started 
INFO    (11: 0:16:506 |    0)   4786; Thread with name:ExternalCaptureThread started 
INFO    (11: 0:16:506 |    0)   4772; h264WebInteropEnable: enable 0
INFO    (11: 0:16:506 |    0)   4772; setCodec: index=1 width=720 height=1280 framerate=24
INFO    (11: 0:16:506 |    0)   4772; setCodec: Intra Request = 0
INFO    (11: 0:16:506 |    0)   4772; setMaxVideoBitrate: max bitrate=2401000
INFO    (11: 0:16:506 |    0)   4772; SetTargetWidthHeight width:720, height:1280
INFO    (11: 0:16:506 |    0)   4772; AgoraVideoInput::Start width=720, height=1280, fps=24
INFO    (11: 0:16:506 |    0)   4787; Thread with name:WebRtc_event_timer_thread started 
INFO    (11: 0:16:506 |    0)   4772; startCapture: startCapture success
INFO    (11: 0:16:506 |    0)   4772; RequestEncodeKeyFrame
INFO    (11: 0:16:506 |    0)   4772; doStartLocalRender: init? 1 capture id -1 device 1024 capturing? 1 rendering? 0
INFO    (11: 0:16:506 |    0)   4772; Recording JoinEvent Argus report.......
INFO    (11: 0:16:506 |    0)   4772; [ap/u] **responsed from 54.223.118.211:25000, TDS(64).
INFO    (11: 0:16:511 |    5)   4772; [ch0] rtt: 8
INFO    (11: 0:16:512 |    1)   4772; [rlbs/u] responsed from 52.80.192.229:9700 with servers 103.104.168.245:8913
INFO    (11: 0:16:512 |    0)   4772; [rs] updateServers 103.104.168.245:8913, priority 3
INFO    (11: 0:16:512 |    0)   4772; [rs] updateServers 128.1.33.168:8913, priority 3
INFO    (11: 0:16:512 |    0)   4772; [rs] updateServers 45.40.48.11:8913, priority 3
INFO    (11: 0:16:534 |   22)   4772; [vocs/u] **responsed from 54.223.118.211:1080, 3 vos, elapsed 132, server ts 1555038016504, wan ip 47******248
INFO    (11: 0:16:539 |    5)   4772; [dns] parsed ip 128.1.33.166
INFO    (11: 0:16:539 |    0)   4772; [dns] parsed ip 199.190.44.37
INFO    (11: 0:16:539 |    0)   4772; [rs] dns parse result code: 0, servers size: 2
INFO    (11: 0:16:539 |    0)   4772; [rs] updateServers 128.1.33.166:8000, priority 2
INFO    (11: 0:16:539 |    0)   4772; [rs] updateServers 199.190.44.37:8000, priority from 1 to 2
INFO    (11: 0:16:549 |   10)   4785; [che] onVideoSizeChanged: uid 0 720x1280 rotate 0
INFO    (11: 0:16:550 |    1)   4784; VQC module init done. stream no 0, mode 0, structure 257, scenario 512, preference 0, preferEnableVQC 1.
INFO    (11: 0:16:550 |    0)   4784; Encoder rc method 3
INFO    (11: 0:16:571 |   21)   4772; [ap/u] **responsed from 106.14.12.130:1080, TDS(64).
INFO    (11: 0:16:580 |    9)   4772; [ap/u] **responsed from 106.14.12.130:1080, STUN(2).
INFO    (11: 0:16:599 |   19)   4772; [ap/u] **responsed from 106.14.12.130:1080, CDS(8).
INFO    (11: 0:16:660 |   61)   4772; [vocs/u] **responsed from 52.58.56.244:8000, 3 vos, elapsed 258, server ts 1555038016493, wan ip 47******248
INFO    (11: 0:16:677 |   17)   4772; [ap/u] **responsed from 54.223.118.211:25000, STUN(2).
INFO    (11: 0:16:722 |   45)   4772; audio setPeerAudioMuteStatus: uid 3434545944 muted 0
INFO    (11: 0:16:722 |    0)   4772; video setPeerVideoMuteStatus: uid 3434545944 muted 1
INFO    (11: 0:16:722 |    0)   4772; [pm] peer 3434545944 is online
INFO    (11: 0:16:722 |    0)   4773; offset 320ms: 3434545944 joined the channel
INFO    (11: 0:16:722 |    0)   4763; User 3434545944 request 0 stream
INFO    (11: 0:16:724 |    2)   4763; SET_VIDEO_MIXING_LAYOUT_URI
INFO    (11: 0:16:724 |    0)   4763; Layout: { client ms: 0, canvas: { width: 720, height: 1280, bgnd: 0 }, Regions: [ -860421352, x: 0, y: 0, width: 1, height: 1, alpha: 255, render_mode: 2, zorder: NotSet}]
INFO    (11: 0:16:724 |    0)   4763; set mixing video layout count: 1
INFO    (11: 0:16:724 |    0)   4772; notifyPeerCount: cnt 1
INFO    (11: 0:16:724 |    0)   4772; onFirstRemoteAudioFrame uid 3434545944 codec 122 elapsed 322
INFO    (11: 0:16:724 |    0)   4773; onFirstRemoteAudioFrame User -860421352
INFO    (11: 0:16:724 |    0)   4772; onTracerFirstRemoteAudio uid 3434545944 codec 122 elapsed 322
INFO    (11: 0:16:725 |    1)   4772; audio jitterbuffer new smooth
INFO    (11: 0:16:725 |    0)   4772; [rp] {"rtc.video.set_remote_video_stream":{"uid":3434545944,"stream":0},"che.video.setstream":{"uid":3434545944,"stream":0}}
INFO    (11: 0:16:731 |    6)   4772; [pm] peer 3434545944 has enabled video
INFO    (11: 0:16:731 |    0)   4773; User 3434545944 enabled video 1
INFO    (11: 0:16:731 |    0)   4772; video setPeerVideoMuteStatus: uid 3434545944 muted 1
INFO    (11: 0:16:731 |    0)   4772; onTracerFirstRemoteVideo uid 3434545944 codec 1 elapsed 329
INFO    (11: 0:16:731 |    0)   4772; Recording scene, delay in parameter 1000, delay in options 1000.
INFO    (11: 0:16:732 |    1)   4772; setNetEQMinimumPlayoutDelay delay(1000)
WARN    (11: 0:16:732 |    0)   4772; Failed to set video minimum delay for user:3434545944
INFO    (11: 0:16:732 |    0)   4772; [videostream] created: uid(3434545944), type(0)
INFO    (11: 0:16:732 |    0)   4772; [miaokai] Received 1st packet of stream 0, from uid 3434545944, frame number 4294967295.

INFO    (11: 0:16:732 |    0)   4772; Create participant 3434545944
INFO    (11: 0:16:732 |    0)   4772; Codec: VP8, Payload type 100, Height 360, Width 640, Bitrate 200,Framerate 15.
INFO    (11: 0:16:732 |    0)   4772; Codec: H264, Payload type 107, Height 360, Width 640, Bitrate 200,Framerate 15.
INFO    (11: 0:16:732 |    0)   4772; Recording SDK minimum delay 1000, default delay 400.
INFO    (11: 0:16:732 |    0)   4788; Thread with name:VideoDecodingThread started 
INFO    (11: 0:17:622 |    0)   4772; [miaokai] Assembled 1st frame from stream 0.

INFO    (11: 0:17:732 |  110)   4772; Recording scene, delay in parameter 1000, delay in options 1000.
INFO    (11: 0:17:732 |    0)   4772; setNetEQMinimumPlayoutDelay delay(1000)
INFO    (11: 0:18:  7 |    0)   4778; The active speaker is changed to (3434545944)
WARN    (11: 0:18:523 |  516)   4788; first frame (ts 298151157 type 3) hand over to decoder directly, not to buffer it
INFO    (11: 0:18:523 |    0)   4788; [miaokai] Decoded 1st frame from stream 0.

INFO    (11: 0:18:543 |   20)   4788; [che] onVideoSizeChanged: uid 3434545944 1280x720 rotate 0
INFO    (11: 0:18:546 |    3)   4772; [MIO] updateRemoteRenderer for uid(3434545944) with render((nil)), type(1)
INFO    (11: 0:18:546 |    0)   4772; CreateVideoReceiveTrack: uid=3434545944
INFO    (11: 0:18:546 |    0)   4772; CreateAgoraDefaultRender
INFO    (11: 0:18:546 |    0)   4772; VideoReceiveTrackImpl::UpdateRenderer, track_id=-860421352, renderer=0x7f3af807dc60
INFO    (11: 0:18:546 |    0)   4772; CreateVideoRenderer: interface=0x7f3af807dc60
INFO    (11: 0:18:546 |    0)   4772; doStartRemoteRender: uid 3434545944
INFO    (11: 0:18:546 |    0)   4772; doStartRemoteRender: uid 3434545944
INFO    (11: 0:18:546 |    0)   4772; onRemoteFirstFrameDecoded user 3434545944 resolution 1280 * 720, elapsed 2144
INFO    (11: 0:18:546 |    0)   4773; onFirstRemoteVideoDecoded User -860421352
INFO    (11: 0:19:522 |    0)   4772; bypass setCodec, override state is in force
INFO    (11: 0:21:403 |    0)   4772; [rs] **report stats: seq: 63, report list size 0, tx/rx: 10147/3024, cache size: 0
INFO    (11: 0:22:498 |   95)   4778; Audio statistics - play count: playout count = 199  signal level: far_in = 112
INFO    (11: 0:22:508 |   10)   4778; Audio statistics - rec count: record count = 200 signal level: near_in = 0, near_out = 0 encode_in = 112
INFO    (11: 0:22:512 |    4)   4772; bypass setCodec, override state is in force
INFO    (11: 0:25:522 |   10)   4772; bypass setCodec, override state is in force
INFO    (11: 0:28:530 |    8)   4772; bypass setCodec, override state is in force
INFO    (11: 0:31:524 |    0)   4772; bypass setCodec, override state is in force
INFO    (11: 0:32:122 |    0)   4763; [ARS/15s]event cnts:6, audio pkts:0, mix audio pkts:0, yuv video pkts:0, h264 video pkts:0
INFO    (11: 0:34:516 |  394)   4772; bypass setCodec, override state is in force
INFO    (11: 0:36:498 |    0)   4778; Audio statistics - play count: playout count = 600  signal level: far_in = 111
INFO    (11: 0:36:508 |   10)   4778; Audio statistics - rec count: record count = 600 signal level: near_in = 0, near_out = 0 encode_in = 111
INFO    (11: 0:37:512 |    4)   4772; bypass setCodec, override state is in force
INFO    (11: 0:40:511 |    0)   4772; bypass setCodec, override state is in force
INFO    (11: 0:43:522 |   11)   4772; bypass setCodec, override state is in force
INFO    (11: 0:46:511 |    0)   4772; bypass setCodec, override state is in force
INFO    (11: 0:47:197 |    0)   4763; [ARS/15s]event cnts:0, audio pkts:0, mix audio pkts:0, yuv video pkts:0, h264 video pkts:0
INFO    (11: 0:48:416 |  219)   4772; **CALL STATS: duration 29s cpu app/total 42.40/40.0 battery 255 tx/rx: 3/1.246K kbps 23.158K/4.501M bytes
INFO    (11: 0:49:525 |  109)   4772; bypass setCodec, override state is in force
INFO    (11: 0:52:198 |    0)   4772; [rs] **report stats: seq: 104, report list size 0, tx/rx: 16033/4992, cache size: 0
INFO    (11: 0:52:522 |  324)   4772; bypass setCodec, override state is in force
INFO    (11: 0:54:498 |    0)   4778; Audio statistics - play count: playout count = 600  signal level: far_in = 108
INFO    (11: 0:54:508 |   10)   4778; Audio statistics - rec count: record count = 600 signal level: near_in = 0, near_out = 0 encode_in = 108
INFO    (11: 0:55:512 |    4)   4772; bypass setCodec, override state is in force
INFO    (11: 0:57:597 |   85)   4784; VCMEncodedFrameCallback::Encoded frame 1001
INFO    (11: 0:57:641 |   44)   4784; VCMEncodedFrameCallback::Encoded frame 1002
INFO    (11: 0:57:683 |   42)   4784; VCMEncodedFrameCallback::Encoded frame 1003
INFO    (11: 0:57:723 |   40)   4784; VCMEncodedFrameCallback::Encoded frame 1004
INFO    (11: 0:57:764 |   41)   4784; VCMEncodedFrameCallback::Encoded frame 1005
INFO    (11: 0:57:804 |   40)   4784; VCMEncodedFrameCallback::Encoded frame 1006
INFO    (11: 0:57:844 |   40)   4784; VCMEncodedFrameCallback::Encoded frame 1007
INFO    (11: 0:57:893 |   49)   4784; VCMEncodedFrameCallback::Encoded frame 1008
INFO    (11: 0:57:927 |   34)   4784; VCMEncodedFrameCallback::Encoded frame 1009
INFO    (11: 0:57:967 |   40)   4784; VCMEncodedFrameCallback::Encoded frame 1010
INFO    (11: 0:58:  7 |    0)   4784; VCMEncodedFrameCallback::Encoded frame 1011
INFO    (11: 0:58: 50 |   43)   4784; VCMEncodedFrameCallback::Encoded frame 1012
INFO    (11: 0:58: 91 |   41)   4784; VCMEncodedFrameCallback::Encoded frame 1013
INFO    (11: 0:58:130 |   39)   4784; VCMEncodedFrameCallback::Encoded frame 1014
INFO    (11: 0:58:173 |   43)   4784; VCMEncodedFrameCallback::Encoded frame 1015
INFO    (11: 0:58:212 |   39)   4784; VCMEncodedFrameCallback::Encoded frame 1016
INFO    (11: 0:58:255 |   43)   4784; VCMEncodedFrameCallback::Encoded frame 1017
INFO    (11: 0:58:298 |   43)   4784; VCMEncodedFrameCallback::Encoded frame 1018
INFO    (11: 0:58:335 |   37)   4784; VCMEncodedFrameCallback::Encoded frame 1019
INFO    (11: 0:58:512 |  177)   4772; bypass setCodec, override state is in force
INFO    (11: 1: 1:512 |    0)   4772; bypass setCodec, override state is in force
INFO    (11: 1: 2:274 |    0)   4763; [ARS/15s]event cnts:0, audio pkts:0, mix audio pkts:0, yuv video pkts:0, h264 video pkts:0
INFO    (11: 1: 4:512 |  238)   4772; bypass setCodec, override state is in force
INFO    (11: 1: 7:524 |   12)   4772; bypass setCodec, override state is in force
INFO    (11: 1: 9:340 |    0)   4763; event_loop Required to stop :0
WARN    (11: 1: 9:340 |    0)   4763; Before cleanup cnt 1, errno 11 4, joined_ 1, term_sig 0, leave path code 16
INFO    (11: 1: 9:341 |    1)   4763; Leaving channel and ready to cleanup
INFO    (11: 1: 9:341 |    0)   4772; Recording LeaveEvent Argus report.......
INFO    (11: 1: 9:341 |    0)   4772; [rp] {"rtc.audio.mute_peers":true}
INFO    (11: 1: 9:341 |    0)   4772; [ds]: ver 2 ds '{"streamType":4,"clientRole":2}'
INFO    (11: 1: 9:341 |    0)   4772; [ch0] sync (cid:1415424096, uid:143919224, sync:2): 45.40.48.10:4003
INFO    (11: 1: 9:341 |    0)   4772; audio setPeerAudioMuteStatus: uid 3434545944 muted 1
INFO    (11: 1: 9:341 |    0)   4772; [rp] {"rtc.video.mute_peers":true}
INFO    (11: 1: 9:341 |    0)   4772; Recording scene, delay in parameter 1000, delay in options 1000.
INFO    (11: 1: 9:341 |    0)   4772; setNetEQMinimumPlayoutDelay delay(1000)
INFO    (11: 1: 9:341 |    0)   4772; [videostream] created: uid(3434545944), type(0)
INFO    (11: 1: 9:342 |    1)   4772; video setPeerVideoMuteStatus: uid 3434545944 muted 1
INFO    (11: 1: 9:342 |    0)   4772; reset video recevier for user -860421352
INFO    (11: 1: 9:342 |    0)   4763; API call to leave channel
INFO    (11: 1: 9:343 |    1)   4772; [cm] emit leave channel signal
INFO    (11: 1: 9:343 |    0)   4772; stopLocalRender
INFO    (11: 1: 9:343 |    0)   4772; stopLocalRender success
INFO    (11: 1: 9:343 |    0)   4772; AgoraVideoInput::Stop
INFO    (11: 1: 9:343 |    0)   4772; AgoraVideoInput::Destroy
INFO    (11: 1: 9:424 |   81)   4772; stopCapture: stopCapture success
INFO    (11: 1: 9:424 |    0)   4772; [rtpSender] set paced sender status 0.

INFO    (11: 1: 9:424 |    0)   4772; stopRemoteRender
INFO    (11: 1: 9:424 |    0)   4772; stopRemoteVideo: uid=3434545944
INFO    (11: 1: 9:436 |   12)   4772; [che] stopCall begins
INFO    (11: 1: 9:436 |    0)   4772; StopRecording complete
INFO    (11: 1: 9:436 |    0)   4772; StopPlayout complete
INFO    (11: 1: 9:436 |    0)   4772; [che] stop call returns 0, elapsed 1
INFO    (11: 1: 9:436 |    0)   4772; [rs] **report stats: seq: 132, report list size 7, tx/rx: 20056/6000, cache size: 0
INFO    (11: 1: 9:436 |    0)   4772; [cm] connection state changed from 3 to 1
INFO    (11: 1: 9:436 |    0)   4772; **CALL STATS: duration 52s, tx 34.99K bytes, rx 7.997M bytes, total 8.7M bytes
INFO    (11: 1: 9:436 |    0)   4772; CacheManager: save cache to storage elapsed 0
INFO    (11: 1: 9:436 |    0)   4772; [ch0] vos destroyed
INFO    (11: 1: 9:437 |    1)   4772; delRef of media engine, ref=0
INFO    (11: 1: 9:437 |    0)   4772; [che] chat engine destroying
INFO    (11: 1: 9:437 |    0)   4772; stopLocalRender
INFO    (11: 1: 9:437 |    0)   4772; stopLocalRender success
WARN    (11: 1: 9:437 |    0)   4772; stopCapture: VideoEngine haven't startCapture
INFO    (11: 1: 9:437 |    0)   4772; stopRemoteRender
INFO    (11: 1: 9:437 |    0)   4772; stopRemoteVideo: uid=3434545944
INFO    (11: 1: 9:437 |    0)   4772; [che] stopCall begins
INFO    (11: 1: 9:437 |    0)   4772; [che] stop call returns -1, elapsed 0
INFO    (11: 1: 9:437 |    0)   4772; DestroyVideoReceiveTrack: uid=3434545944
INFO    (11: 1: 9:437 |    0)   4772; VideoReceiveTrackImpl::UpdateRenderer, track_id=-860421352, renderer=(nil)
INFO    (11: 1: 9:437 |    0)   4772; CreateVideoRenderer: interface=(nil)
INFO    (11: 1: 9:437 |    0)   4772; stopLocalRender
INFO    (11: 1: 9:437 |    0)   4772; stopLocalRender success
INFO    (11: 1: 9:437 |    0)   4772; stopRemoteRender
INFO    (11: 1: 9:437 |    0)   4772; stopRemoteVideo: uid=3434545944
WARN    (11: 1: 9:437 |    0)   4772; stopCapture: VideoEngine haven't startCapture
INFO    (11: 1: 9:438 |    1)   4772; PipelineManager::SetDest  engine = (nil)
WARN    (11: 1: 9:438 |    0)   4772; terminate: VideoEngine haven't init
INFO    (11: 1: 9:438 |    0)   4772; [DEBUGG] ViERenderManager Destructor, engine_id: 0
INFO    (11: 1: 9:438 |    0)   4772; Delete participant 3434545944
INFO    (11: 1: 9:438 |    0)   4772; AgoraCameraCapture::Dispose
INFO    (11: 1: 9:438 |    0)   4772; VideoSendTrackImpl::UpdateCapturer capturer=(nil)
INFO    (11: 1: 9:438 |    0)   4772; CreateVideoCapturer: interface=(nil)
INFO    (11: 1: 9:438 |    0)   4772; VideoSendTrackImpl::UpdateRenderer, renderer=(nil)
INFO    (11: 1: 9:438 |    0)   4772; CreateVideoRenderer: interface=(nil)
INFO    (11: 1: 9:439 |    1)   4772; [che] chat engine destroyed
INFO    (11: 1: 9:439 |    0)   4772; ***CALL END
INFO    (11: 1: 9:439 |    0)   4772; [cc] setLocalMuteAudioState: false, priority: 4
INFO    (11: 1: 9:439 |    0)   4772; [cc] setLocalMuteVideoState: false, priority: 4
INFO    (11: 1: 9:439 |    0)   4772; onAudioStatusChanged enable audio
INFO    (11: 1: 9:439 |    0)   4772; [MIO] media io controller destroyed
INFO    (11: 1: 9:439 |    0)   4763; async task worker thread exited gracefully
