Local Date: Fri Apr 12 10:51:49 2019
Build info: Mar 27 2019 11:15:53 ?

INFO    (10:51:49:942 |    1)   4609; [rp] {"rtc.video.mute_me":true,"che.video.local.send":false}
INFO    (10:51:49:942 |    0)   4609; [rp] {"rtc.audio.mute_me":true,"che.audio.mute_me":true}
INFO    (10:51:49:942 |    0)   4609; [rp] {"rtc.video.set_remote_default_video_stream_type":0}
INFO    (10:51:49:942 |    0)   4609; API call to SetRemoteDefaultVideoStreamType: 0
INFO    (10:51:49:942 |    0)   4609; [rp] {"che.video.local.camera_index":1024}
INFO    (10:51:49:942 |    0)   4609; [rp] {"rtc.video.enabled":true}
INFO    (10:51:49:942 |    0)   4609; API call to enable video
INFO    (10:51:49:942 |    0)   4609; [rp] {"che.video.recording":false}
INFO    (10:51:49:942 |    0)   4609; ***CALL BEGIN: appid:'72****************************d1' cname:'111111' info:'' sid:'5F1297BAAE39448F991C3BB1674FC482'
INFO    (10:51:49:942 |    0)   4609; addRef of media engine, ref=1
INFO    (10:51:49:943 |    1)   4609; [che] create chat engine, ctx:(nil)
INFO    (10:51:49:943 |    0)   4609; [MYDEBUG] large group call false
INFO    (10:51:49:944 |    1)   4609; ChatEngineParameterHelper::applyMediaEngineMode: 
INFO    (10:51:49:944 |    0)   4609; applyMediaEngineMode(): Hardware encoding false Hardware decoding false
INFO    (10:51:49:944 |    0)   4609; engine git commit version:6e2efc0 and branch:(detached
INFO    (10:51:50: 43 |    0)   4609; audio jitterbuffer new smooth
INFO    (10:51:50: 45 |    2)   4615; Thread with name:external_audio_module_thread started 
INFO    (10:51:50: 45 |    0)   4616; Thread with name:WebRtc_event_timer_thread started 
INFO    (10:51:50: 45 |    0)   4609; StereoPlayoutIsAvailable(), output: available=0
INFO    (10:51:50: 45 |    0)   4609; StereoRecordingIsAvailable(), output: available=0
INFO    (10:51:50: 46 |    1)   4617; Thread with name:EngineMonitorThread started 
INFO    (10:51:50: 46 |    0)   4609; setMuteStatus, muted: On
INFO    (10:51:50: 46 |    0)   4609; setMuteOutput, muted: false
INFO    (10:51:50: 46 |    0)   4609; Audio Engine Init success
INFO    (10:51:50: 46 |    0)   4609; Available number of cores:1
INFO    (10:51:50: 50 |    4)   4609; PipelineManager::SetDest  engine = 0x7fbfbc142570
INFO    (10:51:50: 50 |    0)   4609; CreateVideoSendTrack
INFO    (10:51:50: 50 |    0)   4609; init: feature prerotation disabled
INFO    (10:51:50: 50 |    0)   4609; Agora Engine video codec set to standard mode role mode 3
INFO    (10:51:50: 50 |    0)   4609; Agora Engine video codec index 1
INFO    (10:51:50: 50 |    0)   4609; Agora Engine video stream type = 0
INFO    (10:51:50: 53 |    3)   4618; Thread with name:VideoEncodeThread started 
INFO    (10:51:50: 53 |    0)   4609; Device type: 0
INFO    (10:51:50: 53 |    0)   4609; last unique frame idx: -1 - -1
INFO    (10:51:50: 53 |    0)   4609; Device type: 0
INFO    (10:51:50: 53 |    0)   4609; EncoderWrapper::Create hardware_ = 0, hardware_low_ = 0
INFO    (10:51:50: 53 |    0)   4609; low bit rate limit 0
INFO    (10:51:50: 53 |    0)   4609; dont need to increase unique frame idx
INFO    (10:51:50: 53 |    0)   4609; the init unique frame idx: -1 - -1
INFO    (10:51:50: 53 |    0)   4619; Thread with name:VideoProcessThread started 
INFO    (10:51:50: 53 |    0)   4609; setCodec: index=1 width=640 height=360 framerate=15
INFO    (10:51:50: 53 |    0)   4609; setCodec: Intra Request = 0
INFO    (10:51:50: 53 |    0)   4609; h264WebInteropEnable: enable 0
INFO    (10:51:50: 53 |    0)   4609; setCaptureDevice: index=1024
INFO    (10:51:50: 53 |    0)   4609; setMaxVideoBitrate: max bitrate=0
INFO    (10:51:50: 53 |    0)   4609; video fec method 1
INFO    (10:51:50: 53 |    0)   4609; dynamic sending rate control enabled 0.

INFO    (10:51:50: 53 |    0)   4609; videoEngine created and initialize here
INFO    (10:51:50: 54 |    1)   4609; CreateVideoSendTrack
INFO    (10:51:50: 54 |    0)   4609; [MIO] updateCapturer: ((nil)), type:(1)
INFO    (10:51:50: 54 |    0)   4609; CreateAgoraDefaultCapture: type=0
INFO    (10:51:50: 54 |    0)   4609; VideoSendTrackImpl::UpdateCapturer capturer=0x7fbfbc1607c0
INFO    (10:51:50: 54 |    0)   4609; CreateVideoCapturer: interface=0x7fbfbc1607c0
INFO    (10:51:50: 54 |    0)   4609; [MIO] updateLocalRender: ((nil)), type:(1)
INFO    (10:51:50: 54 |    0)   4609; CreateAgoraDefaultRender
INFO    (10:51:50: 54 |    0)   4609; VideoSendTrackImpl::UpdateRenderer, renderer=0x7fbfbc1ae570
INFO    (10:51:50: 54 |    0)   4609; CreateVideoRenderer: interface=0x7fbfbc1ae570
INFO    (10:51:50: 54 |    0)   4609; [MIO] video send track prepared !!
INFO    (10:51:50: 54 |    0)   4609; [che] applyVideoProfile: 1280x720 24 fps 2401 kbps, min 2 kbps orientationMode -1140613696
INFO    (10:51:50: 54 |    0)   4609; validateVideoParameters: validate video parameters resolution 1280x720, fps 24, rate 2401000
INFO    (10:51:50: 54 |    0)   4609; setMaxVideoBitrate: max bitrate=2401000
INFO    (10:51:50: 54 |    0)   4609; setCodecRates: set frame rate to 24
INFO    (10:51:50: 54 |    0)   4609; setCodec: index=1 width=640 height=360 framerate=24
INFO    (10:51:50: 54 |    0)   4609; setCodec: Intra Request = 0
INFO    (10:51:50: 54 |    0)   4620; Thread with name:VideoEncodeThread started 
INFO    (10:51:50: 54 |    0)   4609; Device type: 0
INFO    (10:51:50: 54 |    0)   4609; last unique frame idx: -1 - -1
INFO    (10:51:50: 54 |    0)   4609; Device type: 0
INFO    (10:51:50: 54 |    0)   4609; EncoderWrapper::Create hardware_ = 0, hardware_low_ = 0
INFO    (10:51:50: 54 |    0)   4609; low bit rate limit 5184
INFO    (10:51:50: 54 |    0)   4609; set last big unique frame idx: -1
INFO    (10:51:50: 55 |    1)   4609; set last small unique frame idx: -1
INFO    (10:51:50: 55 |    0)   4609; the init unique frame idx: -1 - -1
INFO    (10:51:50: 55 |    0)   4609; SetTargetWidthHeight width:640, height:360
INFO    (10:51:50: 55 |    0)   4609; setCodecResolution: set to 720 x 1280
INFO    (10:51:50: 55 |    0)   4609; setCodec: index=1 width=720 height=1280 framerate=24
INFO    (10:51:50: 55 |    0)   4609; setCodec: Intra Request = 0
WARN    (10:51:50: 55 |    0)   4609; setCodec: codec resolution width (720) < height (&u)
INFO    (10:51:50: 55 |    0)   4621; Thread with name:VideoEncodeThread started 
INFO    (10:51:50: 55 |    0)   4609; Device type: 0
INFO    (10:51:50: 55 |    0)   4609; last unique frame idx: -1 - -1
INFO    (10:51:50: 55 |    0)   4609; Device type: 0
INFO    (10:51:50: 55 |    0)   4609; EncoderWrapper::Create hardware_ = 0, hardware_low_ = 0
INFO    (10:51:50: 55 |    0)   4609; low bit rate limit 5376
INFO    (10:51:50: 55 |    0)   4609; set last big unique frame idx: -1
INFO    (10:51:50: 55 |    0)   4609; set last small unique frame idx: -1
INFO    (10:51:50: 55 |    0)   4609; the init unique frame idx: -1 - -1
INFO    (10:51:50: 55 |    0)   4609; SetTargetWidthHeight width:1280, height:720
INFO    (10:51:50: 55 |    0)   4609; Set broadcast min br to -1.
INFO    (10:51:50: 55 |    0)   4609; [che] chat engine initialized
INFO    (10:51:50: 57 |    2)   4609; [vocs] vocs initialized
INFO    (10:51:50: 58 |    1)   4609; CacheManager: save cache to storage elapsed 0
INFO    (10:51:50: 58 |    0)   4609; [cm] emit join channel signal, size=2
INFO    (10:51:50: 58 |    0)   4609; [cm] connection state changed from 1 to 2
INFO    (10:51:50: 58 |    0)   4609; CacheManager: save cache to storage elapsed 0
INFO    (10:51:50: 58 |    0)   4609; [vocs] lookup channel...
INFO    (10:51:50: 58 |    0)   4609; [vocs] selected: 54.223.118.211:8000
INFO    (10:51:50: 58 |    0)   4609; connecting to 54.223.118.211:8000 handle bc1df3a0, 29
INFO    (10:51:50: 58 |    0)   4609; [vocs] report bitrate: a/v/t: 50/2401/2451
INFO    (10:51:50: 58 |    0)   4609; [vocs] creating channel with 54.223.118.211:8000, ts 1555037510058.......
INFO    (10:51:50: 58 |    0)   4609; [vocs] selected: 52.52.84.170:1080
INFO    (10:51:50: 58 |    0)   4609; [vocs] report bitrate: a/v/t: 50/2401/2451
INFO    (10:51:50: 58 |    0)   4609; [vocs] creating channel with 52.52.84.170:1080, ts 1555037510058.......
INFO    (10:51:50: 58 |    0)   4609; [vocs] selected: 47.74.211.17:25000
INFO    (10:51:50: 58 |    0)   4609; [vocs] report bitrate: a/v/t: 50/2401/2451
INFO    (10:51:50: 58 |    0)   4609; [vocs] creating channel with 47.74.211.17:25000, ts 1555037510058.......
INFO    (10:51:50: 59 |    1)   4609; [ap] selected: 106.14.12.130:8000
INFO    (10:51:50: 59 |    0)   4609; connecting to 106.14.12.130:8000 handle bc1e2100, 30
INFO    (10:51:50: 59 |    0)   4609; [ap] creating channel with 106.14.12.130:8000, ts 1210071779, flag: 2
INFO    (10:51:50: 59 |    0)   4609; [ap] selected: 47.244.4.122:1080
INFO    (10:51:50: 59 |    0)   4609; [ap] creating channel with 47.244.4.122:1080, ts 1210071779, flag: 2
INFO    (10:51:50: 59 |    0)   4609; [ap] selected: 47.107.39.93:25000
INFO    (10:51:50: 59 |    0)   4609; [ap] creating channel with 47.107.39.93:25000, ts 1210071779, flag: 2
INFO    (10:51:50: 59 |    0)   4609; [rp] {"che.audio.audioSampleRate":48000}
INFO    (10:51:50: 59 |    0)   4609; [ap/u] **responsed from 47.244.4.122:1080, CDS(8).
INFO    (10:51:50: 59 |    0)   4609; [ap] onAPCdsRes success with config: ¸Æ¯ßÔÚ¤—ÑúÊÏŸá’–²ÂÛÜ­ÆÉâƒ…‘¾
INFO    (10:51:50: 59 |    0)   4609; [cs] applied directly: {"configs":{},"version":"27"}, elapsed: 0
INFO    (10:51:50: 59 |    0)   4609; CacheManager: save cache to storage elapsed 0
INFO    (10:51:50: 59 |    0)   4609; [ap/t] tcp connected with 0x7fbfbc04b770
INFO    (10:51:50: 59 |    0)   4609; [ap] CdsTdsRequest, session_id: 37CC59D1BA5F479B8800B7353994003B, detail: Linux version 4.4.0-93-generic (buildd@lcy01-28) (gcc version 4.8.4 (Ubuntu 4.8.4-2ubuntu1~14.04.3) ) #116~14.04.1-Ubuntu SMP Mon Aug 14 16:0 
INFO    (10:51:50: 59 |    0)   4609; [ap] tcp - creating channel with 106.14.12.130:8000, ts 0, flag: 64
INFO    (10:51:50: 60 |    1)   4609; [rlbs/u] responsed from 52.80.192.229:9700 with servers 199.190.44.37:8913
INFO    (10:51:50: 60 |    0)   4609; [rs] updateServers 199.190.44.37:8913, priority 3
INFO    (10:51:50: 60 |    0)   4609; [rs] updateServers 128.1.33.168:8913, priority 3
INFO    (10:51:50: 60 |    0)   4609; [dns] parsed ip 128.1.33.166
INFO    (10:51:50: 60 |    0)   4609; [dns] parsed ip 199.190.44.37
INFO    (10:51:50: 60 |    0)   4609; [rs] dns parse result code: 0, servers size: 2
INFO    (10:51:50: 60 |    0)   4609; [rs] updateServers 128.1.33.166:8000, priority 2
INFO    (10:51:50: 60 |    0)   4609; [rs] updateServers 199.190.44.37:8000, priority from 1 to 2
INFO    (10:51:50: 60 |    0)   4609; [dns] parsed ip 52.68.71.190
INFO    (10:51:50: 60 |    0)   4609; [dns] parsed ip 128.1.87.154
INFO    (10:51:50: 60 |    0)   4609; [dns] parsed ip 3.0.163.78
INFO    (10:51:50: 60 |    0)   4609; [dns] parsed ip 52.194.158.59
INFO    (10:51:50: 60 |    0)   4609; [dns] parsed ip 119.9.116.186
INFO    (10:51:50: 60 |    0)   4609; [dns] parsed ip 3.0.213.60
INFO    (10:51:50: 60 |    0)   4609; [dns] parsed ip 203.60.1.48
INFO    (10:51:50: 60 |    0)   4609; [ap] onParsedDns with err 0, 52.68.71.190, 128.1.87.154, 3.0.163.78, 52.194.158.59, 119.9.116.186, 3.0.213.60, 203.60.1.48, 
INFO    (10:51:50: 60 |    0)   4609; [ap/u] **responsed from 47.244.4.122:1080, TDS(64).
INFO    (10:51:50: 60 |    0)   4609; [ap] onAPTdsRes success with config: {}, size: 0
INFO    (10:51:50: 60 |    0)   4609; [ap/u] **responsed from 47.107.39.93:25000, TDS(64).
INFO    (10:51:50: 61 |    1)   4609; [ap/u] **responsed from 47.107.39.93:25000, CDS(8).
INFO    (10:51:50: 61 |    0)   4609; [ap/u] **responsed from 106.14.12.130:8000, CDS(8).
INFO    (10:51:50: 61 |    0)   4609; [ap/u] **responsed from 106.14.12.130:8000, TDS(64).
INFO    (10:51:50:134 |   73)   4609; [ap/u] **responsed from 47.244.4.122:1080, STUN(2).
INFO    (10:51:50:156 |   22)   4609; [ap/u] **responsed from 47.107.39.93:25000, STUN(2).
INFO    (10:51:50:166 |   10)   4609; [vocs/t] tcp create channel connected with 0x7fbfbc1dfc00
INFO    (10:51:50:166 |    0)   4609; [vocs] report bitrate: a/v/t: 50/2401/2451
INFO    (10:51:50:166 |    0)   4609; [vocs] tcp - creating channel with 54.223.118.211:8000, ts 1555037510166.......
INFO    (10:51:50:180 |   14)   4609; [vocs/u] **responsed from 54.223.118.211:8000, 3 vos, elapsed 248, server ts 1555037510153, wan ip 47******248
INFO    (10:51:50:180 |    0)   4609; [vos] added server: 45.40.48.3:4003
INFO    (10:51:50:180 |    0)   4609; [vos] added server: 128.1.33.136:4001
INFO    (10:51:50:180 |    0)   4609; [vos] added server: 45.40.48.107:4006
INFO    (10:51:50:181 |    1)   4609; [ch0] vos initialized
INFO    (10:51:50:181 |    0)   4609; [vos] selected: 45.40.48.107:4006
ERROR   (10:51:50:181 |    0)   4609; [ch0] login strategy=2
INFO    (10:51:50:181 |    0)   4609; [ds]: ver 1 ds '{"streamType":5,"clientRole":2}'
INFO    (10:51:50:181 |    0)   4609; [ch0] Login VOS (proto:11, cid:1415424096, uid:1920144182, ts:1555037510181, ticket size:80 ds:1 stream:+A+VH) 2: 45.40.48.107:4006
INFO    (10:51:50:181 |    0)   4609; add ping address 47.88.230.248
INFO    (10:51:50:181 |    0)   4609; PING 47.88.230.248:0 16(44) bytes of data
INFO    (10:51:50:189 |    8)   4609; [ch0] **VOS response to login request (res 0 elapsed 257, server ts 1555037510152, s-c:-37) from 45.40.48.107:4006, and current dest server 45.40.48.107:4006
INFO    (10:51:50:189 |    0)   4609; updateActiveVosList: ["45.40.48.107:4006"]
INFO    (10:51:50:189 |    0)   4609; [cm] connection state changed from 2 to 3
INFO    (10:51:50:189 |    0)   4609; RequestEncodeKeyFrame
INFO    (10:51:50:189 |    0)   4609; [che] start call begins
INFO    (10:51:50:189 |    0)   4609; Update settings: mode 3, rec_source -2, rec_fs 48000, builtin aec 0
INFO    (10:51:50:189 |    0)   4609; Set Application Mode in RTC Engine to No. 6
ERROR   (10:51:50:189 |    0)   4609; GetCodec() invalid index (error=8004)
INFO    (10:51:50:189 |    0)   4609; SetCodec by type : No. 77
INFO    (10:51:50:196 |    7)   4609; StartPlayout complete
INFO    (10:51:50:196 |    0)   4609; StartSend
INFO    (10:51:50:206 |   10)   4609; StartRecording complete
WARN    (10:51:50:206 |    0)   4609; SetAgcStatus() failed to set Agc mode (error=10028)
INFO    (10:51:50:206 |    0)   4609; Application Config module:  Route 0, NS on, AEC on, AGC on, BSS off, HC off
INFO    (10:51:50:206 |    0)   4609; MID = 0, Routing = 0
INFO    (10:51:50:206 |    0)   4609; output: kDummyAudio
ERROR   (10:51:50:206 |    0)   4609;   unknown audio layer (error=10009)
INFO    (10:51:50:206 |    0)   4609;   Output: audioLayer=2
INFO    (10:51:50:206 |    0)   4609; [che] startLocalVideo: video capture has been enabled
INFO    (10:51:50:206 |    0)   4609; doStartLocalRender: init? 1 capture id -1 device 1024 capturing? 0 rendering? 0
INFO    (10:51:50:206 |    0)   4609; doStartLocalRender: Receive Only Mode, local renderer still on.
INFO    (10:51:50:206 |    0)   4609; [che] start call returns 0, elapsed 17
INFO    (10:51:50:206 |    0)   4609; Recording scene, delay in parameter 1000, delay in options 1000.
INFO    (10:51:50:206 |    0)   4609; setNetEQMinimumPlayoutDelay delay(1000)
INFO    (10:51:50:206 |    0)   4609; join channel success: cname '111111' uid 1920144182 elapsed 274
INFO    (10:51:50:206 |    0)   4610; User 1920144182 join channel 111111 success, elapsed: 274 ms
INFO    (10:51:50:207 |    1)   4600; Channel eventIds: mix mode:1 , min port:-1 , max port:-1 ,decode audio:0 , decode_video:0 , live:1 , idle:190 , audio only:0, video_only 0,syslog facility:8 , mix mode height:1280 , mix mode width:720 , mix mode fps 
INFO    (10:51:50:211 |    4)   4609; CacheManager: save cache to storage elapsed 0
INFO    (10:51:50:211 |    0)   4609; [rp] {"che.audio.specify.codec":"AACLC"}
INFO    (10:51:50:211 |    0)   4609; SetCodec is specified to be AACLC
ERROR   (10:51:50:211 |    0)   4609; GetCodec() invalid index (error=8004)
INFO    (10:51:50:211 |    0)   4609; enforced setCodec, set by specifyCodec
INFO    (10:51:50:211 |    0)   4609; SetCodec by type : No. 75
INFO    (10:51:50:212 |    1)   4609; [rp] {"che.audio.audienceMode":false}
INFO    (10:51:50:212 |    0)   4609; [rp] {"che.video.audienceMode":false}
INFO    (10:51:50:212 |    0)   4609; [rp] {"che.video.server_mode":true}
INFO    (10:51:50:212 |    0)   4609; switchServerMode : mosaic=1
WARN    (10:51:50:212 |    0)   4609; stopCapture: VideoEngine haven't startCapture
INFO    (10:51:50:212 |    0)   4609; setCaptureDevice: index=1024
INFO    (10:51:50:212 |    0)   4609; VideoSendTrackImpl::UpdateCapturer capturer=0x7fbfbc160960
INFO    (10:51:50:212 |    0)   4609; CreateVideoCapturer: interface=0x7fbfbc160960
INFO    (10:51:50:212 |    0)   4609; Create participant 0
INFO    (10:51:50:212 |    0)   4609; startCapture: device? 1024 init? 1 local enabled? 1 capturing? 0 rendering? 0
INFO    (10:51:50:213 |    1)   4609; VideoSendTrackImpl::UpdateCapturer capturer=0x7fbfbc160960
WARN    (10:51:50:213 |    0)   4609; VideoSendTrackImpl::UpdateCapturer, Ignore updating the same capturer
INFO    (10:51:50:213 |    0)   4609; [rtpSender] set paced sender status 0.

INFO    (10:51:50:214 |    1)   4609; AgoraVideoInput::Init thread=1, type=100, device=External Device
INFO    (10:51:50:214 |    0)   4622; Thread with name:AgoraInputThread started 
INFO    (10:51:50:214 |    0)   4623; Thread with name:ExternalCaptureThread started 
INFO    (10:51:50:214 |    0)   4609; h264WebInteropEnable: enable 0
INFO    (10:51:50:214 |    0)   4609; setCodec: index=1 width=720 height=1280 framerate=24
INFO    (10:51:50:214 |    0)   4609; setCodec: Intra Request = 0
INFO    (10:51:50:214 |    0)   4609; setMaxVideoBitrate: max bitrate=2401000
INFO    (10:51:50:214 |    0)   4609; SetTargetWidthHeight width:720, height:1280
INFO    (10:51:50:214 |    0)   4609; AgoraVideoInput::Start width=720, height=1280, fps=24
INFO    (10:51:50:214 |    0)   4624; Thread with name:WebRtc_event_timer_thread started 
INFO    (10:51:50:215 |    1)   4609; startCapture: startCapture success
INFO    (10:51:50:215 |    0)   4609; RequestEncodeKeyFrame
INFO    (10:51:50:215 |    0)   4609; doStartLocalRender: init? 1 capture id -1 device 1024 capturing? 1 rendering? 0
INFO    (10:51:50:215 |    0)   4609; Recording JoinEvent Argus report.......
INFO    (10:51:50:215 |    0)   4609; [dns] parsed ip 52.68.71.190
INFO    (10:51:50:215 |    0)   4609; [dns] parsed ip 119.9.116.186
INFO    (10:51:50:215 |    0)   4609; [dns] parsed ip 3.0.163.78
INFO    (10:51:50:215 |    0)   4609; [dns] parsed ip 3.0.213.60
INFO    (10:51:50:215 |    0)   4609; [dns] parsed ip 203.60.1.48
INFO    (10:51:50:215 |    0)   4609; [dns] parsed ip 128.1.87.154
INFO    (10:51:50:215 |    0)   4609; [dns] parsed ip 52.194.158.59
INFO    (10:51:50:219 |    4)   4609; [ch0] rtt: 8
INFO    (10:51:50:239 |   20)   4609; [ap/u] **responsed from 106.14.12.130:8000, STUN(2).
INFO    (10:51:50:257 |   18)   4622; [che] onVideoSizeChanged: uid 0 720x1280 rotate 0
INFO    (10:51:50:259 |    2)   4621; VQC module init done. stream no 0, mode 0, structure 257, scenario 512, preference 0, preferEnableVQC 1.
INFO    (10:51:50:260 |    1)   4621; Encoder rc method 3
INFO    (10:51:50:293 |   33)   4609; [vocs/u] **responsed from 52.52.84.170:1080, 3 vos, elapsed 361, server ts 1555037510182, wan ip 47******248
INFO    (10:51:50:302 |    9)   4609; [vocs/u] **responsed from 47.74.211.17:25000, 3 vos, elapsed 369, server ts 1555037510210, wan ip 47******248
INFO    (10:51:52:189 |    0)   4609; notifyPeerCount: cnt 0
WARN    (10:51:52:206 |   17)   4615; audio device captured signal too small
WARN    (10:51:52:206 |    0)   4615; audio device captured signal all 0s
WARN    (10:51:54:206 |    0)   4615; audio device captured signal too small
WARN    (10:51:54:206 |    0)   4615; audio device captured signal all 0s
INFO    (10:51:54:936 |  730)   4609; [rs] **report stats: seq: 52, report list size 0, tx/rx: 8576/2496, cache size: 0
INFO    (10:51:56:195 |    0)   4615; Audio statistics - play count: playout count = 200  signal level: far_in = 0
WARN    (10:51:56:206 |   11)   4615; audio device captured signal too small
WARN    (10:51:56:206 |    0)   4615; audio device captured signal all 0s
INFO    (10:51:56:206 |    0)   4615; Audio statistics - rec count: record count = 200 signal level: near_in = 0, near_out = 0 encode_in = 0
WARN    (10:51:58:206 |    0)   4615; audio device captured signal too small
WARN    (10:51:58:206 |    0)   4615; audio device captured signal all 0s
WARN    (10:52: 0:206 |    0)   4615; audio device captured signal too small
WARN    (10:52: 2:206 |    0)   4615; audio device captured signal too small
WARN    (10:52: 4:206 |    0)   4615; audio device captured signal too small
WARN    (10:52: 4:206 |    0)   4615; audio device captured signal all 0s
INFO    (10:52: 5:244 |   38)   4600; [ARS/15s]event cnts:1, audio pkts:0, mix audio pkts:0, yuv video pkts:0, h264 video pkts:0
WARN    (10:52: 6:206 |    0)   4615; audio device captured signal too small
WARN    (10:52: 8:206 |    0)   4615; audio device captured signal too small
INFO    (10:52:10:196 |    0)   4615; Audio statistics - play count: playout count = 600  signal level: far_in = 0
WARN    (10:52:10:206 |   10)   4615; audio device captured signal too small
WARN    (10:52:10:206 |    0)   4615; audio device captured signal all 0s
INFO    (10:52:10:206 |    0)   4615; Audio statistics - rec count: record count = 600 signal level: near_in = 0, near_out = 0 encode_in = 0
WARN    (10:52:12:206 |    0)   4615; audio device captured signal too small
WARN    (10:52:14:206 |    0)   4615; audio device captured signal too small
WARN    (10:52:16:206 |    0)   4615; audio device captured signal too small
WARN    (10:52:16:206 |    0)   4615; audio device captured signal all 0s
WARN    (10:52:18:206 |    0)   4615; audio device captured signal too small
WARN    (10:52:20:206 |    0)   4615; audio device captured signal too small
INFO    (10:52:20:286 |   80)   4600; [ARS/15s]event cnts:0, audio pkts:0, mix audio pkts:0, yuv video pkts:0, h264 video pkts:0
WARN    (10:52:22:206 |    0)   4615; audio device captured signal too small
WARN    (10:52:22:206 |    0)   4615; audio device captured signal all 0s
INFO    (10:52:23:933 |  727)   4609; **CALL STATS: duration 31s cpu app/total 18.18/45.95 battery 255 tx/rx: 1/1 kbps 15.1005K/10.305K bytes
WARN    (10:52:24:206 |    0)   4615; audio device captured signal too small
WARN    (10:52:26:206 |    0)   4615; audio device captured signal too small
INFO    (10:52:28:195 |    0)   4615; Audio statistics - play count: playout count = 600  signal level: far_in = 0
WARN    (10:52:28:206 |   11)   4615; audio device captured signal too small
WARN    (10:52:28:206 |    0)   4615; audio device captured signal all 0s
INFO    (10:52:28:206 |    0)   4615; Audio statistics - rec count: record count = 600 signal level: near_in = 0, near_out = 0 encode_in = 0
INFO    (10:52:28:934 |  728)   4609; [rs] **report stats: seq: 65, report list size 0, tx/rx: 10436/3120, cache size: 0
INFO    (10:52:29:459 |    0)   4609; audio setPeerAudioMuteStatus: uid 3434545944 muted 0
INFO    (10:52:29:459 |    0)   4609; video setPeerVideoMuteStatus: uid 3434545944 muted 1
INFO    (10:52:29:459 |    0)   4609; [pm] peer 3434545944 is online
INFO    (10:52:29:459 |    0)   4610; offset 39527ms: 3434545944 joined the channel
INFO    (10:52:29:460 |    1)   4600; User 3434545944 request 0 stream
INFO    (10:52:29:461 |    1)   4600; SET_VIDEO_MIXING_LAYOUT_URI
INFO    (10:52:29:461 |    0)   4600; Layout: { client ms: 0, canvas: { width: 720, height: 1280, bgnd: 0 }, Regions: [ -860421352, x: 0, y: 0, width: 1, height: 1, alpha: 255, render_mode: 2, zorder: NotSet}]
INFO    (10:52:29:461 |    0)   4600; set mixing video layout count: 1
INFO    (10:52:29:461 |    0)   4609; notifyPeerCount: cnt 1
INFO    (10:52:29:461 |    0)   4609; onFirstRemoteAudioFrame uid 3434545944 codec 122 elapsed 39529
INFO    (10:52:29:461 |    0)   4610; onFirstRemoteAudioFrame User -860421352
INFO    (10:52:29:461 |    0)   4609; onTracerFirstRemoteAudio uid 3434545944 codec 122 elapsed 39529
INFO    (10:52:29:461 |    0)   4609; audio jitterbuffer new smooth
INFO    (10:52:29:465 |    4)   4609; [rp] {"rtc.video.set_remote_video_stream":{"uid":3434545944,"stream":0},"che.video.setstream":{"uid":3434545944,"stream":0}}
INFO    (10:52:29:529 |   64)   4609; [pm] peer 3434545944 has enabled video
INFO    (10:52:29:530 |    1)   4610; User 3434545944 enabled video 1
INFO    (10:52:29:530 |    0)   4609; video setPeerVideoMuteStatus: uid 3434545944 muted 1
INFO    (10:52:29:530 |    0)   4609; onTracerFirstRemoteVideo uid 3434545944 codec 1 elapsed 39598
INFO    (10:52:29:530 |    0)   4609; Recording scene, delay in parameter 1000, delay in options 1000.
INFO    (10:52:29:530 |    0)   4609; setNetEQMinimumPlayoutDelay delay(1000)
WARN    (10:52:29:530 |    0)   4609; Failed to set video minimum delay for user:3434545944
INFO    (10:52:29:530 |    0)   4609; [videostream] created: uid(3434545944), type(0)
INFO    (10:52:29:530 |    0)   4609; [miaokai] Received 1st packet of stream 0, from uid 3434545944, frame number 4294967295.

INFO    (10:52:29:530 |    0)   4609; Create participant 3434545944
INFO    (10:52:29:530 |    0)   4609; Codec: VP8, Payload type 100, Height 360, Width 640, Bitrate 200,Framerate 15.
INFO    (10:52:29:530 |    0)   4609; Codec: H264, Payload type 107, Height 360, Width 640, Bitrate 200,Framerate 15.
INFO    (10:52:29:530 |    0)   4609; Recording SDK minimum delay 1000, default delay 400.
INFO    (10:52:29:530 |    0)   4625; Thread with name:VideoDecodingThread started 
INFO    (10:52:29:586 |   56)   4609; [miaokai] Assembled 1st frame from stream 0.

WARN    (10:52:30:501 |    0)   4625; first frame (ts 256029447 type 3) hand over to decoder directly, not to buffer it
INFO    (10:52:30:503 |    2)   4625; [miaokai] Decoded 1st frame from stream 0.

INFO    (10:52:30:510 |    7)   4625; [che] onVideoSizeChanged: uid 3434545944 640x360 rotate 0
INFO    (10:52:30:510 |    0)   4609; [MIO] updateRemoteRenderer for uid(3434545944) with render((nil)), type(1)
INFO    (10:52:30:510 |    0)   4609; CreateVideoReceiveTrack: uid=3434545944
INFO    (10:52:30:510 |    0)   4609; CreateAgoraDefaultRender
INFO    (10:52:30:510 |    0)   4609; VideoReceiveTrackImpl::UpdateRenderer, track_id=-860421352, renderer=0x7fbfbc072490
INFO    (10:52:30:510 |    0)   4609; CreateVideoRenderer: interface=0x7fbfbc072490
INFO    (10:52:30:510 |    0)   4609; doStartRemoteRender: uid 3434545944
INFO    (10:52:30:510 |    0)   4609; doStartRemoteRender: uid 3434545944
INFO    (10:52:30:510 |    0)   4609; onRemoteFirstFrameDecoded user 3434545944 resolution 640 * 360, elapsed 40578
INFO    (10:52:30:511 |    1)   4610; onFirstRemoteVideoDecoded User -860421352
INFO    (10:52:30:532 |   21)   4609; Recording scene, delay in parameter 1000, delay in options 1000.
INFO    (10:52:30:533 |    1)   4609; setNetEQMinimumPlayoutDelay delay(1000)
INFO    (10:52:31:351 |    0)   4621; VCMEncodedFrameCallback::Encoded frame 1001
INFO    (10:52:31:393 |   42)   4621; VCMEncodedFrameCallback::Encoded frame 1002
INFO    (10:52:31:429 |   36)   4621; VCMEncodedFrameCallback::Encoded frame 1003
INFO    (10:52:31:475 |   46)   4621; VCMEncodedFrameCallback::Encoded frame 1004
INFO    (10:52:31:517 |   42)   4621; VCMEncodedFrameCallback::Encoded frame 1005
INFO    (10:52:31:539 |   22)   4609; bypass setCodec, override state is in force
INFO    (10:52:31:553 |   14)   4621; VCMEncodedFrameCallback::Encoded frame 1006
INFO    (10:52:31:601 |   48)   4621; VCMEncodedFrameCallback::Encoded frame 1007
INFO    (10:52:31:637 |   36)   4621; VCMEncodedFrameCallback::Encoded frame 1008
INFO    (10:52:31:675 |   38)   4621; VCMEncodedFrameCallback::Encoded frame 1009
INFO    (10:52:31:722 |   47)   4621; VCMEncodedFrameCallback::Encoded frame 1010
INFO    (10:52:31:757 |   35)   4621; VCMEncodedFrameCallback::Encoded frame 1011
INFO    (10:52:31:804 |   47)   4621; VCMEncodedFrameCallback::Encoded frame 1012
INFO    (10:52:31:847 |   43)   4621; VCMEncodedFrameCallback::Encoded frame 1013
INFO    (10:52:31:879 |   32)   4621; VCMEncodedFrameCallback::Encoded frame 1014
INFO    (10:52:31:928 |   49)   4621; VCMEncodedFrameCallback::Encoded frame 1015
INFO    (10:52:31:962 |   34)   4621; VCMEncodedFrameCallback::Encoded frame 1016
INFO    (10:52:32: 10 |    0)   4621; VCMEncodedFrameCallback::Encoded frame 1017
INFO    (10:52:32: 46 |   36)   4621; VCMEncodedFrameCallback::Encoded frame 1018
INFO    (10:52:32: 86 |   40)   4621; VCMEncodedFrameCallback::Encoded frame 1019
INFO    (10:52:34:529 |  443)   4609; bypass setCodec, override state is in force
INFO    (10:52:35:537 |    8)   4600; [ARS/15s]event cnts:5, audio pkts:0, mix audio pkts:0, yuv video pkts:0, h264 video pkts:0
INFO    (10:52:36:131 |    0)   4625; [che] onVideoSizeChanged: uid 3434545944 960x540 rotate 0
INFO    (10:52:37:542 |  411)   4609; bypass setCodec, override state is in force
INFO    (10:52:40:540 |    0)   4609; bypass setCodec, override state is in force
INFO    (10:52:43:529 |    0)   4609; bypass setCodec, override state is in force
INFO    (10:52:44: 56 |    0)   4625; [che] onVideoSizeChanged: uid 3434545944 1280x720 rotate 0
INFO    (10:52:46:195 |  139)   4615; Audio statistics - play count: playout count = 600  signal level: far_in = 93
INFO    (10:52:46:216 |   21)   4615; Audio statistics - rec count: record count = 601 signal level: near_in = 0, near_out = 0 encode_in = 93
INFO    (10:52:46:540 |  324)   4609; bypass setCodec, override state is in force
INFO    (10:52:47:185 |    0)   4615; The active speaker is changed to (3434545944)
INFO    (10:52:49:530 |  345)   4609; bypass setCodec, override state is in force
INFO    (10:52:50:706 |  176)   4600; [ARS/15s]event cnts:1, audio pkts:0, mix audio pkts:0, yuv video pkts:0, h264 video pkts:0
INFO    (10:52:52:544 |    0)   4609; bypass setCodec, override state is in force
INFO    (10:52:53:947 |  403)   4609; **CALL STATS: duration 1m1s cpu app/total 43.29/41.23 battery 255 tx/rx: 3/1.198K kbps 27.270K/2.55M bytes
INFO    (10:52:55:541 |    0)   4609; bypass setCodec, override state is in force
INFO    (10:52:58:535 |    0)   4609; bypass setCodec, override state is in force
INFO    (10:53: 0:727 |  192)   4609; [rs] **report stats: seq: 110, report list size 0, tx/rx: 17370/5280, cache size: 0
INFO    (10:53: 1:530 |    0)   4609; bypass setCodec, override state is in force
INFO    (10:53: 4:196 |    0)   4615; Audio statistics - play count: playout count = 600  signal level: far_in = 79
INFO    (10:53: 4:239 |   43)   4615; Audio statistics - rec count: record count = 600 signal level: near_in = 0, near_out = 0 encode_in = 79
INFO    (10:53: 4:530 |  291)   4609; bypass setCodec, override state is in force
INFO    (10:53: 5:771 |  241)   4600; [ARS/15s]event cnts:0, audio pkts:0, mix audio pkts:0, yuv video pkts:0, h264 video pkts:0
INFO    (10:53: 7:529 |    0)   4609; bypass setCodec, override state is in force
INFO    (10:53:10:533 |    4)   4609; bypass setCodec, override state is in force
INFO    (10:53:13:543 |   10)   4609; bypass setCodec, override state is in force
INFO    (10:53:16:531 |    0)   4609; bypass setCodec, override state is in force
INFO    (10:53:19:530 |    0)   4609; bypass setCodec, override state is in force
INFO    (10:53:20:854 |  324)   4600; [ARS/15s]event cnts:0, audio pkts:0, mix audio pkts:0, yuv video pkts:0, h264 video pkts:0
INFO    (10:53:22:195 |    0)   4615; Audio statistics - play count: playout count = 600  signal level: far_in = 101
INFO    (10:53:22:256 |   61)   4615; Audio statistics - rec count: record count = 601 signal level: near_in = 0, near_out = 0 encode_in = 101
INFO    (10:53:22:529 |  273)   4609; bypass setCodec, override state is in force
INFO    (10:53:25:529 |    0)   4609; bypass setCodec, override state is in force
INFO    (10:53:25:934 |  405)   4609; **CALL STATS: duration 1m33s cpu app/total 43.7/42.5 battery 255 tx/rx: 2/1.269K kbps 41.189K/6.925M bytes
INFO    (10:53:30:886 |    0)   4609; [rs] **report stats: seq: 145, report list size 0, tx/rx: 22362/6960, cache size: 0
INFO    (10:53:31:537 |    0)   4609; bypass setCodec, override state is in force
INFO    (10:53:34:535 |    0)   4609; bypass setCodec, override state is in force
INFO    (10:53:35:931 |  396)   4600; [ARS/15s]event cnts:0, audio pkts:0, mix audio pkts:0, yuv video pkts:0, h264 video pkts:0
INFO    (10:53:37:537 |    0)   4609; bypass setCodec, override state is in force
INFO    (10:53:40:195 |    0)   4615; Audio statistics - play count: playout count = 600  signal level: far_in = 100
INFO    (10:53:40:266 |   71)   4615; Audio statistics - rec count: record count = 600 signal level: near_in = 0, near_out = 0 encode_in = 100
INFO    (10:53:40:530 |  264)   4609; bypass setCodec, override state is in force
INFO    (10:53:43:530 |    0)   4609; bypass setCodec, override state is in force
INFO    (10:53:46:547 |   17)   4609; bypass setCodec, override state is in force
INFO    (10:53:49:533 |    0)   4609; bypass setCodec, override state is in force
INFO    (10:53:50:996 |  463)   4600; [ARS/15s]event cnts:0, audio pkts:0, mix audio pkts:0, yuv video pkts:0, h264 video pkts:0
INFO    (10:53:51:504 |    0)   4600; event_loop Required to stop :0
WARN    (10:53:51:504 |    0)   4600; Before cleanup cnt 1, errno 11 4, joined_ 1, term_sig 0, leave path code 16
INFO    (10:53:51:504 |    0)   4600; Leaving channel and ready to cleanup
INFO    (10:53:51:504 |    0)   4600; API call to leave channel
INFO    (10:53:51:504 |    0)   4609; Recording LeaveEvent Argus report.......
INFO    (10:53:51:505 |    1)   4609; [rp] {"rtc.audio.mute_peers":true}
INFO    (10:53:51:505 |    0)   4609; [ds]: ver 2 ds '{"streamType":4,"clientRole":2}'
INFO    (10:53:51:505 |    0)   4609; [ch0] sync (cid:1415424096, uid:1920144182, sync:2): 45.40.48.107:4006
INFO    (10:53:51:505 |    0)   4609; audio setPeerAudioMuteStatus: uid 3434545944 muted 1
INFO    (10:53:51:505 |    0)   4609; [rp] {"rtc.video.mute_peers":true}
INFO    (10:53:51:505 |    0)   4609; Recording scene, delay in parameter 1000, delay in options 1000.
INFO    (10:53:51:505 |    0)   4609; setNetEQMinimumPlayoutDelay delay(1000)
INFO    (10:53:51:505 |    0)   4609; [videostream] created: uid(3434545944), type(0)
INFO    (10:53:51:505 |    0)   4609; video setPeerVideoMuteStatus: uid 3434545944 muted 1
INFO    (10:53:51:505 |    0)   4609; reset video recevier for user -860421352
INFO    (10:53:51:506 |    1)   4609; [cm] emit leave channel signal
INFO    (10:53:51:506 |    0)   4609; stopLocalRender
INFO    (10:53:51:506 |    0)   4609; stopLocalRender success
INFO    (10:53:51:506 |    0)   4609; AgoraVideoInput::Stop
INFO    (10:53:51:506 |    0)   4609; AgoraVideoInput::Destroy
INFO    (10:53:51:597 |   91)   4609; stopCapture: stopCapture success
INFO    (10:53:51:597 |    0)   4609; [rtpSender] set paced sender status 0.

INFO    (10:53:51:597 |    0)   4609; stopRemoteRender
INFO    (10:53:51:597 |    0)   4609; stopRemoteVideo: uid=3434545944
INFO    (10:53:51:660 |   63)   4609; [che] stopCall begins
INFO    (10:53:51:660 |    0)   4609; StopRecording complete
INFO    (10:53:51:661 |    1)   4609; StopPlayout complete
INFO    (10:53:51:661 |    0)   4609; [che] stop call returns 0, elapsed 1
INFO    (10:53:51:661 |    0)   4609; [rs] **report stats: seq: 179, report list size 10, tx/rx: 27790/8112, cache size: 0
INFO    (10:53:51:661 |    0)   4609; [cm] connection state changed from 3 to 1
INFO    (10:53:51:661 |    0)   4609; **CALL STATS: duration 2m1s, tx 54.148K bytes, rx 11.59M bytes, total 11.114M bytes
INFO    (10:53:51:661 |    0)   4609; CacheManager: save cache to storage elapsed 0
INFO    (10:53:51:661 |    0)   4609; [ch0] vos destroyed
INFO    (10:53:51:662 |    1)   4609; delRef of media engine, ref=0
INFO    (10:53:51:662 |    0)   4609; [che] chat engine destroying
INFO    (10:53:51:662 |    0)   4609; stopLocalRender
INFO    (10:53:51:662 |    0)   4609; stopLocalRender success
WARN    (10:53:51:662 |    0)   4609; stopCapture: VideoEngine haven't startCapture
INFO    (10:53:51:662 |    0)   4609; stopRemoteRender
INFO    (10:53:51:662 |    0)   4609; stopRemoteVideo: uid=3434545944
INFO    (10:53:51:662 |    0)   4609; [che] stopCall begins
INFO    (10:53:51:662 |    0)   4609; [che] stop call returns -1, elapsed 0
INFO    (10:53:51:662 |    0)   4609; DestroyVideoReceiveTrack: uid=3434545944
INFO    (10:53:51:662 |    0)   4609; VideoReceiveTrackImpl::UpdateRenderer, track_id=-860421352, renderer=(nil)
INFO    (10:53:51:662 |    0)   4609; CreateVideoRenderer: interface=(nil)
INFO    (10:53:51:662 |    0)   4609; stopLocalRender
INFO    (10:53:51:662 |    0)   4609; stopLocalRender success
INFO    (10:53:51:662 |    0)   4609; stopRemoteRender
INFO    (10:53:51:662 |    0)   4609; stopRemoteVideo: uid=3434545944
WARN    (10:53:51:662 |    0)   4609; stopCapture: VideoEngine haven't startCapture
INFO    (10:53:51:662 |    0)   4609; PipelineManager::SetDest  engine = (nil)
WARN    (10:53:51:662 |    0)   4609; terminate: VideoEngine haven't init
INFO    (10:53:51:662 |    0)   4609; [DEBUGG] ViERenderManager Destructor, engine_id: 0
INFO    (10:53:51:663 |    1)   4609; Delete participant 3434545944
INFO    (10:53:51:663 |    0)   4609; AgoraCameraCapture::Dispose
INFO    (10:53:51:663 |    0)   4609; VideoSendTrackImpl::UpdateCapturer capturer=(nil)
INFO    (10:53:51:663 |    0)   4609; CreateVideoCapturer: interface=(nil)
INFO    (10:53:51:663 |    0)   4609; VideoSendTrackImpl::UpdateRenderer, renderer=(nil)
INFO    (10:53:51:664 |    1)   4609; CreateVideoRenderer: interface=(nil)
INFO    (10:53:51:664 |    0)   4609; [che] chat engine destroyed
INFO    (10:53:51:664 |    0)   4609; ***CALL END
INFO    (10:53:51:664 |    0)   4609; [cc] setLocalMuteAudioState: false, priority: 4
INFO    (10:53:51:664 |    0)   4609; [cc] setLocalMuteVideoState: false, priority: 4
INFO    (10:53:51:664 |    0)   4609; onAudioStatusChanged enable audio
INFO    (10:53:51:664 |    0)   4609; [MIO] media io controller destroyed
INFO    (10:53:51:664 |    0)   4600; async task worker thread exited gracefully
